
> next-app@0.1.0 build /Users/federicovitale/Developer/CODE_INTERVIEWS/aquacloud/apps/next-app
> next build

info  - Linting and checking validity of types...
info  - Creating an optimized production build...
info  - Compiled successfully
info  - Collecting page data...
info  - Generating static pages (0/3)
info  - Generating static pages (3/3)
info  - Finalizing page optimization...

Route (pages)                              Size     First Load JS
┌ ○ /                                      327 B          73.4 kB
├   /_app                                  0 B            73.1 kB
├ ○ /404                                   182 B          73.3 kB
└ λ /api/jokes                             0 B            73.1 kB
+ First Load JS shared by all              73.2 kB
  ├ chunks/framework-8f8d7560695bf5ba.js   45.2 kB
  ├ chunks/main-44509a479f03a5ea.js        26.8 kB
  ├ chunks/pages/_app-579da8a2362b1573.js  296 B
  ├ chunks/webpack-8fa1640cc84ba8fe.js     750 B
  └ css/de26cae109ce99a4.css               129 B

λ  (Server)  server-side renders at runtime (uses getInitialProps or getServerSideProps)
○  (Static)  automatically rendered as static HTML (uses no initial props)

